AS8 assembler for intel 8008, t.e.jones Version 1.0
Options: listfile=1 debug=0 binaryout=1 singlelist=0
octalnums=0 markascii=0
Infile=8008-hello-mo5.asm
Assembly Performed: Thu Jul 29 22:47:21 2021


Line Addr.  CodeBytes   Source Line
---- ------ ----------- ----------------------------------
   1                    ; Copy a string from a place to another.
   2                    
   3                    RAM: EQU 0x1000
   4                    
   5                    START:
   6                        ORG 0x0000
   7 00-000 300             LAA ; Starts with a NOP
   8 00-001 322             LCC ; Mask interruptions
   9                    
  10                        ; Output the text
  11 00-002 056 000         LHI \HB\TEST_MSG
  12 00-004 066 103         LLI \LB\TEST_MSG
  13 00-006 106 035 000     CAL OUTPUT_STR
  14                    
  15                        ; Input command
  16                    COMMAND:
  17 00-011 106 064 000     CAL INPUT_CHAR
  18 00-014 074 122         CPI 82 ; 'R'
  19 00-016 150 000 000     JTZ 0x0000
  20 00-021 074 115         CPI 77 ; 'M'
  21 00-023 150 060 073     JTZ 0x3B30
  22 00-026 104 011 000     JMP COMMAND
  23                    
  24                    ADVANCE_HL:
  25 00-031 060             INL
  26 00-032 013             RFZ
  27 00-033 050             INH
  28 00-034 007             RET
  29                    
  30                        ; Output of HL as a NULL terminated string to the Serial Card
  31                    OUTPUT_STR:
  32 00-035 307             LAM ; Read Byte
  33 00-036 260             ORA
  34 00-037 053             RTZ ; End of String
  35 00-040 106 051 000     CAL OUTPUT_CHAR
  36 00-043 106 031 000     CAL ADVANCE_HL
  37 00-046 104 035 000     JMP OUTPUT_STR
  38                    
  39                        ; Output of A content to the Serial Card
  40                        ; Uses C
  41                    OUTPUT_CHAR:
  42 00-051 320             LCA
  43                    
  44                    W_OUTPUT_R:
  45                        ; Wait for Output Ready
  46 00-052 006 001         LAI 0x01
  47 00-054 101             INP 0x0
  48 00-055 002             RLC
  49 00-056 100 052 000     JFC W_OUTPUT_R
  50                    
  51 00-061 302             LAC
  52 00-062 121             OUT 0x0
  53 00-063 007             RET
  54                    
  55                        ; Input from the Serial Card to A
  56                    INPUT_CHAR:
  57                        ; Wait for Input Ready
  58 00-064 006 001         LAI 0x01
  59 00-066 101             INP 0x0
  60 00-067 012             RRC
  61 00-070 100 064 000     JFC INPUT_CHAR
  62                    
  63                        ; Reads a value different from -xFF
  64 00-073 250             XRA
  65 00-074 101             INP 0x0
  66 00-075 074 377         CPI 0xff
  67 00-077 150 064 000     JTZ INPUT_CHAR
  68 00-102 007             RET
  69                    
  70                    TEST_MSG:
  71 00-103 110 105 114      DATA "HELLO MO5 !"
     00-106 114 117 040
     00-111 115 117 065
     00-114 040 041 
  72 00-116 015 012          DATA 13,10
  73 00-120 050 115 051      DATA "(M) to go to Monitor"
     00-123 040 164 157
     00-126 040 147 157
     00-131 040 164 157
     00-134 040 115 157
     00-137 156 151 164
     00-142 157 162 
  74 00-144 015 012          DATA 13,10
  75 00-146 050 122 051      DATA "(R) to reset"
     00-151 040 164 157
     00-154 040 162 145
     00-157 163 145 164
  76 00-162 015 012          DATA 13,10
  77 00-164 000              DATA 0
Symbol Count: 9
    Symbol  Oct Val  DecVal
    ------  -------  ------
       RAM   20 000   4096
     START      000      0
   COMMAND      011      9
ADVANCE_HL      031     25
OUTPUT_STR      035     29
OUTPUT_CHAR      051     41
W_OUTPUT_R      052     42
INPUT_CHAR      064     52
  TEST_MSG      103     67
